1. 42ba58fb1a83f5f7dcc347e0ca9e1dfa6acb7c2886569fd6ade0334d143ed98e
2. 5c6dce94af02d8231e2a3c4584db5d516b09fa592e97fc6c4d3281d38ce7409c
3. 5517589f09a19c4d52a4791185ec32c4635143d3c44f075608a4eaa50a5b88ba
4. ec40931d084d19b2ccf9adc80ca3d267f140a6fdb91cfdec546c0080ee8a0212
5. 9b56f06cba67f1caab29f0613d13dde7a3dfbc64b7ba92d172941c176ff1c3fe
6. 485b989e589783532ca1e672d9fd0bf34c4d2ccf959bb3d2ecd476f054df8cd7
7. b19b61811763708ca602ae2029ac9711a7e1f972fbf963b14a0c5893a2a0257d
8. cb2e1a7d24b6e610b85a8f216ca3b4ee4ad8dae1b3b9b27b7383eebe9b7790c1
9. 1b7123e1ff16a8ce56dce9de684fee7d51dc1863ccc4ca8a830a71695242716a
10. d9e454342e8f303d45ab41c93b85c2c5dcd98078385a12ef7eab05a09f2511b9
11. 9c5e25c92b6fdd597311a3b34f6e21f9f14400c42f34cbec0aca2d2e013d7037
12. 279ffd3d74d22a3264ccf63cbe3fcf7533ec7a4ef37487eee37b7d847d617123
13. 7d43df4ece13975fce693af6331373bd8057848329afe4402facf5cde9105f45
14. c80d4dbdf1a73c1f0785a81a27691c5d06667c88f34843e18c3800e6b949fa09
15. 1d4384d5cef2285fc5a2b2216c6b95fdb4aacdf1a445f357d9a5cadaf6beaf01
16. 49a76f2c6f4822b69761a4ecdc5ea0c13084481e8229eb07722a10af669ebe08
17. 325600689f5f44fd5f611c7e22b702a86e56b6627a9b31aaab379b4a61cfd759
18. 6285ad188af3d1c1a1c5f8e3b8b1c07add252e771165c6fcebad3d9a860f3461
19. 7c2f399cef06c625c89f84361bb526ee5afc0948da0ff5727d6a3e95807c6cee
20. 27a21b1c19377f837bc999f6ea6697195a5afdffee5d88e211f584a95150f0dc
21. 64ecc7a15ecc62d422d1cc776e9f2348c36b2216eebeddf2c7fe164e9c45b9a7
22. 645ddbe1aa9399806a992084fbff62c7e50329183e069733779269c70e1a6ac4
23. 9df5fb41c38242008de4e1e4e4cf0e0d84a2c314f9ef99d7b5eaed1a0b7a2bfc
24. b4d39f7124e0e6a2784ef3027d0c1be0441de2de023add875cd8ff1a353d1dcb
25. 75dedf319f41f630ec0154a03a6b825689c2634302ef99e84a7490a239956515
26. d641f481448138d25a9fed8b54a4bf09089f0a1fedc4243488729fe26fa9c6c0
27. d952c25c7a9535d53131487f00362e3c7254268bc9fe82968adf1607d0f7091c
28. a1bc27312e4ffe04ac58965467e7e73b57dc622e6386b15b162363de1577ed3f
29. 5e54d6e565e181b1bdc45cc795da44c811ff17151e5db1821913e5ec40febebb
30. edd6189fbad5edcfe01ba5183fab33fe819c8600f1fe2abbc1ebd3beea8e20b9
31. 74a3f383dc55a90347d1d39e6d7e4c8aa39489609b76998319cc9a7b1d273542
32. 6804e9dd4278f093f2788d66d247ba9278adcd74111ebd781ed609fd2b8e0c76
33. 6ae2a091005470e5a686367a400bf5f256872014e21e14a46cb2860660bc0629
34. edd3a463fdd10b9d6dcb51b1ccd306f688430bbaa8ff045aaf968bab397adbb8
35. 02a60538e58a01c857d2e6a4bf85130e5bb7b56ec0f82ddb2dae372871447286
36. f1bd3aedfd278d49dc57b01082c71ed4b5aad95f397d3f16d6635e0c1b477399
37. 008428d30ee52456bf20d156b91a43f883ddbf0ec81bdc4c452de2e0e506aeca
38. 58ffb8f63babe12187cbb5b9c844ca9c7f06ca2e69493a0338a73df33649f60a
39. 3ebb83d6104b24582533725fb128d04685e0597fcefd14778035b5b015f980d1
40. add2def4b79eda56b4407ad92522502689abebaf61a2f2fe35a1f42d5af3e400
41. d1158e015b66ba6cc911eec38a4e1cc378da8dbf05d8410922b39391d7e77dea
42. 5bd4988832d2e359d3035a693ad8ae6f86bfc6b994362757e84fa9813e68c2ad
43. 6fc3eea9945425182272604e5f8d0d6892a9c4ea9ca752299de71a134f3e83dc
44. b9383ea3d250457cf6e47d981a2d15fdabfb10a671273d837978481717335db2
45. 20afaa0adadedd18ba26eba05f3e8f9fa14fa135d797788fd4e8edb70db1a53d
46. 07dc1c71586028cd8bc3dba2177a347709d65ff04832d5f2c3f56aff4c75f0b9
47. 6120d60e5711ecb0378505345e006ceb69ef5250e4a2318b1bbf56b88b00c26d
48. 84c98e3040ecaeb98ba6d417be3aab2da77a9914a3ea0219a39f97d0ec6d1ffa
49. 188ebdb8b7a0eb0b198b09d08ba4cf36d6e0eb82a85fe22f01e124e83bbfea1d
50. 755fca02f05d59d8ecb4ae7271e1c21a61a75ef0c7c38c7927fc4ea806d96954
51. bbb5247155144f939a2070cd1099b73b08de176940003db0b63ee42f86c0e5ab
52. c71e5a593a1b427a3aad1c889d69aa963774ebf81e654bca8929951a90c8f055
53. 77c638ddfbc7817b9f96540231556e3062707b9016b69250f412afd187bf8494
54. 65f3c4a34039a536967b136e1d17231aba4e731867bf3b1adb969c6a9f4b73de
55. 78742be55c80f3c1ab3851f27fb3af256edd43bd9a0d3c540eba417bae34d171
56. a0f5035e57ae68526c76ccfd23edca9247512fd7bbab884fe828b23c65eb5ef7
57. 6522a92ef628f8d41fce9aa029f7c6f284150f11a6a890fd2706090c294e642b
58. 2996f74fe229db79559d5c2cda104bf86066907ff947bb6329ffad11fb4b5fc8
59. 465d59471b43e66fb7cc776699de8fbb8e5f1c1ad437d1b4b47a9b11958572e2
60. b1ed0b9b9d0b925a919fc8bc7878aa4957334b6d15fe9d495ec75f6c37274404
61. 063cb6fdfb8be6a72bc72a9ebb5c260a43d3e2573805078fccb089472da36118
62. 31b1f8b9d8e653bb492810df6e0b5fad6dca1071a0a2bab1cac911cae69c1d0b
63. e2df5ed23dbe0782750167f47d37565f5489fb5cd8496f29c641bdfd63cda202
64. da743d49c20a2f9285d871204bf94058d5111da89662797ed6243f765531470f
65. ff227e147aae0062752b353e917d7c4286848287883b6ed5ed1596a6918c042e
66. 882dd3778bbd7f87e1ba834591fba655b134656677e38efd5d4acfb7d02758e8
67. fef3ba57e0227b9417c5db5d694539610647d1f1b128537b0d96d5b7112b7cbe
68. ad7a7b01f5794d76dcdaf1edc4bbf1eaaabc4de1b65441f9cc3b8f83bc9a1184
69. 46ef19700345b73ad23b6d19a19edc2bcef80d1a34f532f127bcde8e0db390b0
70. 79549f6a0aef0fef3ca2a2276d7d214fd3601ad50cfc2838965c388fb8330dae
71. f2a7f82db216493fcba36c7e2b8d29cadeb31f378f498dc7e45b3196d33458de
72. 64f8362ce05e729791fd5a251c5ff933de9a9b94bff84129abbf2de624f40dc3
73. 64f05080128da876894ce62d5e5230063e0fa14f8d8a279f73edc721460078ba
74. 00ba677fdad966d177b069b73a11dcd8a41e8952c7468c7d59295a5e932454a3
75. b340aa8dcd4a7be27f5f7ab58f748c7db828e6c42a0086d7c44af016a39da0f1
76. 6295a5ce62c34a146ca6e4ca8dd82c55f367839f89b12113f8e3f142c27982f3
77. a990500cf41d9f47f4a2f24c3ea36ecf4d7de35a86197d52e2df32d4ff736991
78. 408b7748cd34f81c1a8044b0d95792d8d684be488ca6157a9fcbce63b479e878
79. e2653db7ab8b89844d7e290388ee4f34aad3771bde1f38830e963294dc59468f
80. c625b121493fea746a14a1c672777ff9dde9a96c3341a797d34ec60d4723aa06
81. f19e081d576038ffc9d89acd60dfcc96a5a68fbf1405260f2997e33acae107b5
82. 0dafd58068978a1220b02e8490f52ce0238822029994fcbfb00002c153557203
83. a408bc2abc3d53cb5608175052c3efef7558a2cf2316024e29dff54aeae5cf3e
84. 1abd1a07e714f34b365ead8a1fe5c34f5406b3ef53e61c4c444664d204c92ccc
85. 0d1f484509e3fb6cf70d36545efd29c02ad3be4f2b5122e4e3e030adb212d777
86. 6c04fe507e297c2c0d62dccb92914a31cc8789cd5629e34389715a803eca0e1e
87. ad264029ece706bd410fc19a1558b934ea46e52996d6576186c058bd74e6326e
88. 163f1143711b2b854894af1d7665f89164e47e0df8f235fa7e570dd7c627a87f
89. c87235cb5b80e80b9b2d75fa3e652691cd1f88db99b58ba2f59a8adf29e0d1ca
90. d3b3bb7b307f3ceec5dcb31a0ebcafdfc4dada07a0b32bee45aaf364a21114dd
91. f793afc16129480832a65600142bc4a49b15b0fef57f273beefac1fa044f150f
92. 0cc1260c48f25fc64b26e6e90d5e513b10d65958aa3fc216e0b06d611a997afe
93. 5035fee9aa376e1ca6f3700379ae727d52d5081ee60c7ccb18cf5cc3ba1afd16
94. c192ecf86b73dba3c923d1c7338ea55ae025e749d3473ace4ea83eca26390cb4
95. 151acf23f12cdd38f1b4951d9f3fd413108b919d57fbf88c58fd25eff5815a8e
96. 1529741eefb636f711df9fd2bed0f6801eaf11d9cde36c1294f445e8c289f00d
97. d386a6d1f0ce8795842cb5e0caf078972d0573ce168535dbee1c082abce65087
98. f99119340f857850a3edec4f5dc754fe2dc7e2096298b04a05a9a14bf138cc49
99. dfaecbbdb9755e5a83a4d9fd70d77a8c586b03699840b022ea26e32ecaee7cc6
100. 32183ab8c73a0cbf7c4e29656dde1eb23834dc77a0e4b62c6d96f1aa2bf14024
101. 3f61d63943e20752ee9064f0400235b7a7f80e66d5df29c625540e31f8ee1f65
