
################################################################################

Handle transactions:


################################################################################

Handle transactions:


tx_signed: 01e70019d9e454342e8f303d45ab41c93b85c2c5dcd98078385a12ef7eab05a09f2511b9024801d1000a
time_hash: d9e454342e8f303d45ab41c93b85c2c5dcd98078385a12ef7eab05a09f2511b9
from: 0248
to: 01d1
amt: 10
verified: True

tx_signed: 019d0089d9e454342e8f303d45ab41c93b85c2c5dcd98078385a12ef7eab05a09f2511b901d10248000a
time_hash: d9e454342e8f303d45ab41c93b85c2c5dcd98078385a12ef7eab05a09f2511b9
from: 01d1
to: 0248
amt: 10
verified: True

tx_signed: 021a02db1d4384d5cef2285fc5a2b2216c6b95fdb4aacdf1a445f357d9a5cadaf6beaf01024801d1000f
time_hash: 1d4384d5cef2285fc5a2b2216c6b95fdb4aacdf1a445f357d9a5cadaf6beaf01
from: 0248
to: 01d1
amt: 15
verified: True

tx_signed: 01a803c31d4384d5cef2285fc5a2b2216c6b95fdb4aacdf1a445f357d9a5cadaf6beaf0101d10248000f
time_hash: 1d4384d5cef2285fc5a2b2216c6b95fdb4aacdf1a445f357d9a5cadaf6beaf01
from: 01d1
to: 0248
amt: 15
verified: True

################################################################################

Handle transactions:


tx_signed: 006e03dd49a76f2c6f4822b69761a4ecdc5ea0c13084481e8229eb07722a10af669ebe08024801d10001
time_hash: 49a76f2c6f4822b69761a4ecdc5ea0c13084481e8229eb07722a10af669ebe08
from: 0248
to: 01d1
amt: 1
verified: True

tx_signed: 0366001549a76f2c6f4822b69761a4ecdc5ea0c13084481e8229eb07722a10af669ebe0801d102480001
time_hash: 49a76f2c6f4822b69761a4ecdc5ea0c13084481e8229eb07722a10af669ebe08
from: 01d1
to: 0248
amt: 1
verified: True

################################################################################

Handle transactions:


################################################################################

Handle transactions:


################################################################################

Handle transactions:


################################################################################

Handle transactions:


################################################################################

Handle transactions:


################################################################################

Handle transactions:


################################################################################

Handle transactions:


################################################################################

Handle transactions:


################################################################################

Handle transactions:

